<?xml version="1.0" encoding="UTF-8"?>
<testsuite xmlns:xsi="http://www.w3.org/2001/XMLSchema-instance" xsi:noNamespaceSchemaLocation="https://maven.apache.org/surefire/maven-surefire-plugin/xsd/surefire-test-report-3.0.xsd" version="3.0" name="runners.TestRunner" time="51.308" tests="1" errors="0" skipped="0" failures="1">
  <properties>
[...]
</properties>
  <testcase name="Book a round trip with specific cities and passengers" classname="Ixigo Flight Booking" time="50.057">
    <failure message="Total amounts do not match! expected:&lt;6[5063]&gt; but was:&lt;6[4815]&gt;" type="org.junit.ComparisonFailure"><![CDATA[org.junit.ComparisonFailure: Total amounts do not match! expected:<6[5063]> but was:<6[4815]>
	at org.junit.Assert.assertEquals(Assert.java:117)
	at stepdefinitions.StepDefinitions.both_total_amounts_should_match(StepDefinitions.java:184)
	at ✽.both total amounts should match(file:///C:/Users/Hp/eclipse-workspace/IxigoFlightAutomation/src/test/resources/features/ixigo_flight_booking.feature:30)
]]></failure>
    <system-out><![CDATA[
Scenario: Book a round trip with specific cities and passengers         # src/test/resources/features/ixigo_flight_booking.feature:3
[INFO] New WebDriver instance created
✅ Pop-up got closed
  Given User on the Ixigo homepage                                      # stepdefinitions.StepDefinitions.i_am_on_the_ixigo_homepage()
✅ Round Trip tab clicked
  And User select the "Round Trip" tab                                  # stepdefinitions.StepDefinitions.i_select_the_tab(java.lang.String)
Entering destination city: New Delhi, Delhi, India
🔍 Typed city: New Delhi, Delhi, India
✅ Successfully selected: New Delhi, Delhi, India
  When User enter From as "Kolkata" and To as "New Delhi, Delhi, India" # stepdefinitions.StepDefinitions.i_enter_from_as_and_to_as(java.lang.String,java.lang.String)
👉 Clicking the Next arrow once...
👉 Waiting for 'June 2025' to appear...
✅ 'June 2025' is visible.
👉 Waiting for calendar dates to load...
✅ Departure date 26 clicked.
  And User select departure date "26" June, 2025                        # stepdefinitions.StepDefinitions.iSelectDepartureDate(java.lang.String)
👉 Trying to click on Return field...
✅ Return field clicked.
👉 Clicking the Next arrow once...
👉 Waiting for 'August 2025' to appear...
✅ 'August 2025' is visible.
👉 Waiting for calendar dates to load...
✅ Return date 3 clicked.
  And User select return date "3" "August 2025"                         # stepdefinitions.StepDefinitions.iSelectReturnDate(java.lang.String,java.lang.String)
👉 Clicking on 'Travellers & Class'...
✅ 'Travellers & Class' clicked.
👉 Selecting 3 Adults...
✅ 3 Adults selected.
👉 Selecting 1 Children...
✅ 1 Children selected.
👉 Selecting 1 Infants...
✅ 1 Infants selected.
👉 Clicking on Done button...
✅ Done button clicked. Traveller selection complete.
  And User select 3 Adults, 1 Children, and 1 Infants                   # stepdefinitions.StepDefinitions.selectTravellersAndClass()
👉 Waiting for Search button...
✅ Search button clicked.
  And User click search                                                 # stepdefinitions.StepDefinitions.iClickSearch()
✅ Switched to new tab.
  And User switch to the new browser tab                                # stepdefinitions.StepDefinitions.iSwitchToNewTab()
✅ Hidden checkbox clicked via JS.
  When User clicks and selects the 1 stop checkbox in Filter            # stepdefinitions.StepDefinitions.user_clicks_and_selects_the_hidden_checkbox()
✅ Radio button clicked via JS.
✅ Akasa Air card clicked via JS.
✅ Clicked on the Earliest radio button
  And User click on the Earliest Departure radio button                 # stepdefinitions.StepDefinitions.i_click_on_the_earliest_radio_button()
  When User clicks on the Book button                                   # stepdefinitions.StepDefinitions.the_user_clicks_on_the_book_button()
Book button clicked successfully.
  Then the booking action should be triggered                           # stepdefinitions.StepDefinitions.the_booking_action_should_be_triggered()
Captured Amount (raw): [₹65,063]
Normalized Amount: [65063]
🧾 Amount from Details: 64815
  When User captures both total amounts                                 # stepdefinitions.StepDefinitions.the_user_captures_both_total_amounts()
  Then both total amounts should match                                  # stepdefinitions.StepDefinitions.both_total_amounts_should_match()
      org.junit.ComparisonFailure: Total amounts do not match! expected:<6[5063]> but was:<6[4815]>
	at org.junit.Assert.assertEquals(Assert.java:117)
	at stepdefinitions.StepDefinitions.both_total_amounts_should_match(StepDefinitions.java:184)
	at ✽.both total amounts should match(file:///C:/Users/Hp/eclipse-workspace/IxigoFlightAutomation/src/test/resources/features/ixigo_flight_booking.feature:30)

  And User take a screenshot of the Review Flight Details page          # stepdefinitions.StepDefinitions.i_take_screenshot_of_review_page()
[INFO] WebDriver instance quit and cleaned up
]]></system-out>
    <system-err><![CDATA[SLF4J(W): No SLF4J providers were found.
SLF4J(W): Defaulting to no-operation (NOP) logger implementation
SLF4J(W): See https://www.slf4j.org/codes.html#noProviders for further details.
]]></system-err>
  </testcase>
</testsuite>